[debug] [2022-06-22T14:46:29.853Z] ----------------------------------------------------------------------
[debug] [2022-06-22T14:46:29.856Z] Command:       C:\Program Files\nodejs\node.exe C:\Users\SCOT\AppData\Roaming\npm\node_modules\firebase-tools\lib\bin\firebase.js serve --only functions
[debug] [2022-06-22T14:46:29.857Z] CLI Version:   11.1.0
[debug] [2022-06-22T14:46:29.857Z] Platform:      win32
[debug] [2022-06-22T14:46:29.857Z] Node Version:  v16.14.2
[debug] [2022-06-22T14:46:29.859Z] Time:          Wed Jun 22 2022 15:46:29 GMT+0100 (West Africa Standard Time)
[debug] [2022-06-22T14:46:29.859Z] ----------------------------------------------------------------------
[debug] 
[debug] [2022-06-22T14:46:30.361Z] > command requires scopes: ["email","openid","https://www.googleapis.com/auth/cloudplatformprojects.readonly","https://www.googleapis.com/auth/firebase","https://www.googleapis.com/auth/cloud-platform"]
[debug] [2022-06-22T14:46:30.363Z] > authorizing via signed-in user (muhammedyayi68@gmail.com)
[debug] [2022-06-22T14:46:30.363Z] [iam] checking project blog-57a1c for permissions ["firebase.projects.get"]
[debug] [2022-06-22T14:46:30.365Z] > refreshing access token with scopes: []
[debug] [2022-06-22T14:46:30.368Z] >>> [apiv2][query] POST https://www.googleapis.com/oauth2/v3/token [none]
[debug] [2022-06-22T14:46:30.368Z] >>> [apiv2][body] POST https://www.googleapis.com/oauth2/v3/token [omitted]
[debug] [2022-06-22T14:46:30.739Z] <<< [apiv2][status] POST https://www.googleapis.com/oauth2/v3/token 200
[debug] [2022-06-22T14:46:30.740Z] <<< [apiv2][body] POST https://www.googleapis.com/oauth2/v3/token [omitted]
[debug] [2022-06-22T14:46:31.186Z] >>> [apiv2][query] POST https://cloudresourcemanager.googleapis.com/v1/projects/blog-57a1c:testIamPermissions [none]
[debug] [2022-06-22T14:46:31.187Z] >>> [apiv2][body] POST https://cloudresourcemanager.googleapis.com/v1/projects/blog-57a1c:testIamPermissions {"permissions":["firebase.projects.get"]}
[debug] [2022-06-22T14:46:32.534Z] <<< [apiv2][status] POST https://cloudresourcemanager.googleapis.com/v1/projects/blog-57a1c:testIamPermissions 200
[debug] [2022-06-22T14:46:32.534Z] <<< [apiv2][body] POST https://cloudresourcemanager.googleapis.com/v1/projects/blog-57a1c:testIamPermissions {"permissions":["firebase.projects.get"]}
[debug] [2022-06-22T14:46:32.535Z] >>> [apiv2][query] GET https://firebase.googleapis.com/v1beta1/projects/blog-57a1c [none]
[debug] [2022-06-22T14:46:32.984Z] <<< [apiv2][status] GET https://firebase.googleapis.com/v1beta1/projects/blog-57a1c 200
[debug] [2022-06-22T14:46:32.984Z] <<< [apiv2][body] GET https://firebase.googleapis.com/v1beta1/projects/blog-57a1c {"projectId":"blog-57a1c","projectNumber":"250472069328","displayName":"Blog","name":"projects/blog-57a1c","resources":{"hostingSite":"blog-57a1c","storageBucket":"blog-57a1c.appspot.com","locationId":"us-central"},"state":"ACTIVE"}
[info] +  functions: Using node@16 from host. {"metadata":{"emulator":{"name":"functions"},"message":"Using node@16 from host."}}
[debug] [2022-06-22T14:46:33.012Z] defaultcredentials: writing to file C:\Users\SCOT\AppData\Roaming\firebase\muhammedyayi68_gmail_com_application_default_credentials.json
[debug] [2022-06-22T14:46:33.014Z] Setting GAC to C:\Users\SCOT\AppData\Roaming\firebase\muhammedyayi68_gmail_com_application_default_credentials.json {"metadata":{"emulator":{"name":"functions"},"message":"Setting GAC to C:\\Users\\SCOT\\AppData\\Roaming\\firebase\\muhammedyayi68_gmail_com_application_default_credentials.json"}}
[debug] [2022-06-22T14:46:33.014Z] >>> [apiv2][query] GET https://firebase.googleapis.com/v1beta1/projects/blog-57a1c/adminSdkConfig [none]
[debug] [2022-06-22T14:46:33.449Z] <<< [apiv2][status] GET https://firebase.googleapis.com/v1beta1/projects/blog-57a1c/adminSdkConfig 200
[debug] [2022-06-22T14:46:33.449Z] <<< [apiv2][body] GET https://firebase.googleapis.com/v1beta1/projects/blog-57a1c/adminSdkConfig {"projectId":"blog-57a1c","storageBucket":"blog-57a1c.appspot.com","locationId":"us-central"}
[info] i  functions: Watching "C:\Users\SCOT\Desktop\Firebase\firebaseReact\firebase1\functions" for Cloud Functions... {"metadata":{"emulator":{"name":"functions"},"message":"Watching \"C:\\Users\\SCOT\\Desktop\\Firebase\\firebaseReact\\firebase1\\functions\" for Cloud Functions..."}}
[debug] [2022-06-22T14:46:33.573Z] Validating nodejs source
[debug] [2022-06-22T14:46:40.785Z] > [functions] package.json contents: {
  "name": "functions",
  "description": "Cloud Functions for Firebase",
  "scripts": {
    "lint": "eslint .",
    "serve": "firebase emulators:start --only functions",
    "shell": "firebase functions:shell",
    "start": "npm run shell",
    "deploy": "firebase deploy --only functions",
    "logs": "firebase functions:log"
  },
  "engines": {
    "node": "16"
  },
  "main": "index.js",
  "dependencies": {
    "firebase-admin": "^10.0.2",
    "firebase-functions": "^3.18.0"
  },
  "devDependencies": {
    "eslint": "^8.9.0",
    "eslint-config-google": "^0.14.0",
    "firebase-functions-test": "^0.2.0"
  },
  "private": true
}
[debug] [2022-06-22T14:46:40.785Z] Building nodejs source
[debug] [2022-06-22T14:46:40.785Z] Analyzing nodejs backend spec
[debug] [2022-06-22T14:46:40.788Z] Could not find functions.yaml. Must use http discovery
[debug] [2022-06-22T14:46:42.028Z] Serving at port 9005

[debug] [2022-06-22T14:46:42.219Z] Got response from /__/functions.yaml {"endpoints":{"helloWorld":{"platform":"gcfv1","httpsTrigger":{},"entryPoint":"helloWorld"},"getAllPosts":{"platform":"gcfv1","httpsTrigger":{},"entryPoint":"getAllPosts"}},"specVersion":"v1alpha1","requiredAPIs":[]}
[debug] [2022-06-22T14:46:42.232Z] shutdown requested via /__/quitquitquit

[info] +  functions[us-central1-helloWorld]: http function initialized (http://localhost:5000/blog-57a1c/us-central1/helloWorld). {"metadata":{"emulator":{"name":"functions"},"message":"\u001b[1mhttp\u001b[22m function initialized (http://localhost:5000/blog-57a1c/us-central1/helloWorld)."}}
[info] +  functions[us-central1-getAllPosts]: http function initialized (http://localhost:5000/blog-57a1c/us-central1/getAllPosts). {"metadata":{"emulator":{"name":"functions"},"message":"\u001b[1mhttp\u001b[22m function initialized (http://localhost:5000/blog-57a1c/us-central1/getAllPosts)."}}
[debug] [2022-06-22T14:50:22.536Z] [work-queue] {"queueLength":1,"workRunningCount":0}
[debug] [2022-06-22T14:50:22.537Z] [work-queue] {"queueLength":0,"workRunningCount":1}
[debug] [2022-06-22T14:50:22.537Z] Accepted request GET /blog-57a1c/us-central1/getAllPosts --> us-central1-getAllPosts
[debug] [2022-06-22T14:50:23.071Z] [worker-pool] addWorker(us-central1-getAllPosts) {"metadata":{"emulator":{"name":"functions"},"message":"[worker-pool] addWorker(us-central1-getAllPosts)"}}
[debug] [2022-06-22T14:50:23.071Z] [worker-pool] Adding worker with key us-central1-getAllPosts, total=1 {"metadata":{"emulator":{"name":"functions"},"message":"[worker-pool] Adding worker with key us-central1-getAllPosts, total=1"}}
[debug] [2022-06-22T14:50:23.071Z] [worker-pool] submitWork(triggerId=us-central1-getAllPosts) {"metadata":{"emulator":{"name":"functions"},"message":"[worker-pool] submitWork(triggerId=us-central1-getAllPosts)"}}
[debug] [2022-06-22T14:50:23.072Z] [worker-us-central1-getAllPosts-807f70bc-31a0-4c02-a0dc-5b63c3979327]: Assigning socketPath: \\?\pipe\C:\Users\SCOT\Desktop\Firebase\firebaseReact\firebase1\functions\6976 {"metadata":{"emulator":{"name":"functions"},"message":"[worker-us-central1-getAllPosts-807f70bc-31a0-4c02-a0dc-5b63c3979327]: Assigning socketPath: \\\\?\\pipe\\C:\\Users\\SCOT\\Desktop\\Firebase\\firebaseReact\\firebase1\\functions\\6976"}}
[debug] [2022-06-22T14:50:23.072Z] [worker-us-central1-getAllPosts-807f70bc-31a0-4c02-a0dc-5b63c3979327]: BUSY {"metadata":{"emulator":{"name":"functions"},"message":"[worker-us-central1-getAllPosts-807f70bc-31a0-4c02-a0dc-5b63c3979327]: BUSY"}}
[debug] [2022-06-22T14:50:33.576Z] [runtime-status] [6976] Functions runtime initialized. {"cwd":"C:\\Users\\SCOT\\Desktop\\Firebase\\firebaseReact\\firebase1\\functions","node_version":"16.14.2"} {"metadata":{"emulator":{"name":"functions"},"function":{"name":"us-central1-getAllPosts"},"extension":{},"message":"[runtime-status] [6976] Functions runtime initialized. {\"cwd\":\"C:\\\\Users\\\\SCOT\\\\Desktop\\\\Firebase\\\\firebaseReact\\\\firebase1\\\\functions\",\"node_version\":\"16.14.2\"}"}}
[debug] [2022-06-22T14:50:33.630Z] [runtime-status] [6976] Disabled runtime features: undefined {"metadata":{"emulator":{"name":"functions"},"function":{"name":"us-central1-getAllPosts"},"extension":{},"message":"[runtime-status] [6976] Disabled runtime features: undefined"}}
[debug] [2022-06-22T14:50:33.649Z] [runtime-status] [6976] Resolved module firebase-admin {"declared":true,"installed":true,"version":"10.3.0","resolution":"C:\\Users\\SCOT\\Desktop\\Firebase\\firebaseReact\\firebase1\\functions\\node_modules\\firebase-admin\\lib\\index.js"} {"metadata":{"emulator":{"name":"functions"},"function":{"name":"us-central1-getAllPosts"},"extension":{},"message":"[runtime-status] [6976] Resolved module firebase-admin {\"declared\":true,\"installed\":true,\"version\":\"10.3.0\",\"resolution\":\"C:\\\\Users\\\\SCOT\\\\Desktop\\\\Firebase\\\\firebaseReact\\\\firebase1\\\\functions\\\\node_modules\\\\firebase-admin\\\\lib\\\\index.js\"}"}}
[debug] [2022-06-22T14:50:33.653Z] [runtime-status] [6976] Resolved module firebase-functions {"declared":true,"installed":true,"version":"3.21.2","resolution":"C:\\Users\\SCOT\\Desktop\\Firebase\\firebaseReact\\firebase1\\functions\\node_modules\\firebase-functions\\lib\\index.js"} {"metadata":{"emulator":{"name":"functions"},"function":{"name":"us-central1-getAllPosts"},"extension":{},"message":"[runtime-status] [6976] Resolved module firebase-functions {\"declared\":true,\"installed\":true,\"version\":\"3.21.2\",\"resolution\":\"C:\\\\Users\\\\SCOT\\\\Desktop\\\\Firebase\\\\firebaseReact\\\\firebase1\\\\functions\\\\node_modules\\\\firebase-functions\\\\lib\\\\index.js\"}"}}
[debug] [2022-06-22T14:50:33.704Z] [runtime-status] [6976] Outgoing network have been stubbed. [{"name":"http","status":"mocked"},{"name":"http","status":"mocked"},{"name":"https","status":"mocked"},{"name":"https","status":"mocked"},{"name":"net","status":"mocked"}] {"metadata":{"emulator":{"name":"functions"},"function":{"name":"us-central1-getAllPosts"},"extension":{},"message":"[runtime-status] [6976] Outgoing network have been stubbed. [{\"name\":\"http\",\"status\":\"mocked\"},{\"name\":\"http\",\"status\":\"mocked\"},{\"name\":\"https\",\"status\":\"mocked\"},{\"name\":\"https\",\"status\":\"mocked\"},{\"name\":\"net\",\"status\":\"mocked\"}]"}}
[debug] [2022-06-22T14:50:33.706Z] [runtime-status] [6976] Resolved module firebase-functions {"declared":true,"installed":true,"version":"3.21.2","resolution":"C:\\Users\\SCOT\\Desktop\\Firebase\\firebaseReact\\firebase1\\functions\\node_modules\\firebase-functions\\lib\\index.js"} {"metadata":{"emulator":{"name":"functions"},"function":{"name":"us-central1-getAllPosts"},"extension":{},"message":"[runtime-status] [6976] Resolved module firebase-functions {\"declared\":true,\"installed\":true,\"version\":\"3.21.2\",\"resolution\":\"C:\\\\Users\\\\SCOT\\\\Desktop\\\\Firebase\\\\firebaseReact\\\\firebase1\\\\functions\\\\node_modules\\\\firebase-functions\\\\lib\\\\index.js\"}"}}
[debug] [2022-06-22T14:50:34.229Z] [runtime-status] [6976] Checked functions.config() {"config":{}} {"metadata":{"emulator":{"name":"functions"},"function":{"name":"us-central1-getAllPosts"},"extension":{},"message":"[runtime-status] [6976] Checked functions.config() {\"config\":{}}"}}
[debug] [2022-06-22T14:50:34.230Z] [runtime-status] [6976] firebase-functions has been stubbed. {"functionsResolution":{"declared":true,"installed":true,"version":"3.21.2","resolution":"C:\\Users\\SCOT\\Desktop\\Firebase\\firebaseReact\\firebase1\\functions\\node_modules\\firebase-functions\\lib\\index.js"}} {"metadata":{"emulator":{"name":"functions"},"function":{"name":"us-central1-getAllPosts"},"extension":{},"message":"[runtime-status] [6976] firebase-functions has been stubbed. {\"functionsResolution\":{\"declared\":true,\"installed\":true,\"version\":\"3.21.2\",\"resolution\":\"C:\\\\Users\\\\SCOT\\\\Desktop\\\\Firebase\\\\firebaseReact\\\\firebase1\\\\functions\\\\node_modules\\\\firebase-functions\\\\lib\\\\index.js\"}}"}}
[debug] [2022-06-22T14:50:34.231Z] [runtime-status] [6976] Resolved module firebase-functions {"declared":true,"installed":true,"version":"3.21.2","resolution":"C:\\Users\\SCOT\\Desktop\\Firebase\\firebaseReact\\firebase1\\functions\\node_modules\\firebase-functions\\lib\\index.js"} {"metadata":{"emulator":{"name":"functions"},"function":{"name":"us-central1-getAllPosts"},"extension":{},"message":"[runtime-status] [6976] Resolved module firebase-functions {\"declared\":true,\"installed\":true,\"version\":\"3.21.2\",\"resolution\":\"C:\\\\Users\\\\SCOT\\\\Desktop\\\\Firebase\\\\firebaseReact\\\\firebase1\\\\functions\\\\node_modules\\\\firebase-functions\\\\lib\\\\index.js\"}"}}
[debug] [2022-06-22T14:50:34.235Z] [runtime-status] [6976] Resolved module firebase-admin {"declared":true,"installed":true,"version":"10.3.0","resolution":"C:\\Users\\SCOT\\Desktop\\Firebase\\firebaseReact\\firebase1\\functions\\node_modules\\firebase-admin\\lib\\index.js"} {"metadata":{"emulator":{"name":"functions"},"function":{"name":"us-central1-getAllPosts"},"extension":{},"message":"[runtime-status] [6976] Resolved module firebase-admin {\"declared\":true,\"installed\":true,\"version\":\"10.3.0\",\"resolution\":\"C:\\\\Users\\\\SCOT\\\\Desktop\\\\Firebase\\\\firebaseReact\\\\firebase1\\\\functions\\\\node_modules\\\\firebase-admin\\\\lib\\\\index.js\"}"}}
[debug] [2022-06-22T14:50:34.237Z] [runtime-status] [6976] Resolved module firebase-functions {"declared":true,"installed":true,"version":"3.21.2","resolution":"C:\\Users\\SCOT\\Desktop\\Firebase\\firebaseReact\\firebase1\\functions\\node_modules\\firebase-functions\\lib\\index.js"} {"metadata":{"emulator":{"name":"functions"},"function":{"name":"us-central1-getAllPosts"},"extension":{},"message":"[runtime-status] [6976] Resolved module firebase-functions {\"declared\":true,\"installed\":true,\"version\":\"3.21.2\",\"resolution\":\"C:\\\\Users\\\\SCOT\\\\Desktop\\\\Firebase\\\\firebaseReact\\\\firebase1\\\\functions\\\\node_modules\\\\firebase-functions\\\\lib\\\\index.js\"}"}}
[debug] [2022-06-22T14:50:34.238Z] [runtime-status] [6976] firebase-admin has been stubbed. {"adminResolution":{"declared":true,"installed":true,"version":"10.3.0","resolution":"C:\\Users\\SCOT\\Desktop\\Firebase\\firebaseReact\\firebase1\\functions\\node_modules\\firebase-admin\\lib\\index.js"}} {"metadata":{"emulator":{"name":"functions"},"function":{"name":"us-central1-getAllPosts"},"extension":{},"message":"[runtime-status] [6976] firebase-admin has been stubbed. {\"adminResolution\":{\"declared\":true,\"installed\":true,\"version\":\"10.3.0\",\"resolution\":\"C:\\\\Users\\\\SCOT\\\\Desktop\\\\Firebase\\\\firebaseReact\\\\firebase1\\\\functions\\\\node_modules\\\\firebase-admin\\\\lib\\\\index.js\"}}"}}
[debug] [2022-06-22T14:50:34.246Z] [runtime-status] [6976] initializeApp(DEFAULT) {"storageBucket":"blog-57a1c.appspot.com","projectId":"blog-57a1c"} {"metadata":{"emulator":{"name":"functions"},"function":{"name":"us-central1-getAllPosts"},"extension":{},"message":"[runtime-status] [6976] initializeApp(DEFAULT) {\"storageBucket\":\"blog-57a1c.appspot.com\",\"projectId\":\"blog-57a1c\"}"}}
[debug] [2022-06-22T14:50:34.247Z] [runtime-status] [6976] Beginning invocation function getAllPosts! {"metadata":{"emulator":{"name":"functions"},"function":{"name":"us-central1-getAllPosts"},"extension":{},"message":"[runtime-status] [6976] Beginning invocation function getAllPosts!"}}
[info] i  functions: Beginning execution of "getAllPosts" {"metadata":{"emulator":{"name":"functions"},"function":{"name":"us-central1-getAllPosts"},"extension":{},"message":"Beginning execution of \"getAllPosts\""}}
[debug] [2022-06-22T14:50:34.251Z] [runtime-status] [6976] Running getAllPosts in signature http {"metadata":{"emulator":{"name":"functions"},"function":{"name":"us-central1-getAllPosts"},"extension":{},"message":"[runtime-status] [6976] Running getAllPosts in signature http"}}
[debug] [2022-06-22T14:50:34.252Z] [runtime-status] [6976] Attempting to listen to socketPath: \\?\pipe\C:\Users\SCOT\Desktop\Firebase\firebaseReact\firebase1\functions\6976 {"metadata":{"emulator":{"name":"functions"},"function":{"name":"us-central1-getAllPosts"},"extension":{},"message":"[runtime-status] [6976] Attempting to listen to socketPath: \\\\?\\pipe\\C:\\Users\\SCOT\\Desktop\\Firebase\\firebaseReact\\firebase1\\functions\\6976"}}
[debug] [2022-06-22T14:50:34.292Z] [functions] Runtime ready! Sending request! {"metadata":{"emulator":{"name":"functions"},"message":"[functions] Runtime ready! Sending request!"}}
[debug] [2022-06-22T14:50:34.292Z] [functions] Got req.url=/blog-57a1c/us-central1/getAllPosts, mapping to path=/ {"metadata":{"emulator":{"name":"functions"},"message":"[functions] Got req.url=/blog-57a1c/us-central1/getAllPosts, mapping to path=/"}}
[debug] [2022-06-22T14:50:34.300Z] [runtime-status] [6976] Ephemeral server handling GET request {"metadata":{"emulator":{"name":"functions"},"function":{"name":"us-central1-getAllPosts"},"extension":{},"message":"[runtime-status] [6976] Ephemeral server handling GET request"}}
[warn] !  functions: The Cloud Firestore emulator is not running, so calls to Firestore will affect production. {"metadata":{"emulator":{"name":"functions"},"function":{"name":"us-central1-getAllPosts"},"extension":{},"message":"The Cloud Firestore emulator is not running, so calls to Firestore will affect production."}}
[warn] !  functions: Your function timed out after ~60s. To configure this timeout, see
      https://firebase.google.com/docs/functions/manage-functions#set_timeout_and_memory_allocation. {"metadata":{"emulator":{"name":"functions"},"function":{"name":"us-central1-getAllPosts"},"extension":{},"message":"Your function timed out after ~60s. To configure this timeout, see\n      https://firebase.google.com/docs/functions/manage-functions#set_timeout_and_memory_allocation."}}
[info] >  C:\Users\SCOT\AppData\Roaming\npm\node_modules\firebase-tools\lib\emulator\functionsEmulatorRuntime.js:634 {"user":"C:\\Users\\SCOT\\AppData\\Roaming\\npm\\node_modules\\firebase-tools\\lib\\emulator\\functionsEmulatorRuntime.js:634\r","metadata":{"emulator":{"name":"functions"},"function":{"name":"us-central1-getAllPosts"},"extension":{},"message":"\u001b[90m> \u001b[39m C:\\Users\\SCOT\\AppData\\Roaming\\npm\\node_modules\\firebase-tools\\lib\\emulator\\functionsEmulatorRuntime.js:634\r"}}
[info] >              throw new Error("Function timed out."); {"user":"            throw new Error(\"Function timed out.\");\r","metadata":{"emulator":{"name":"functions"},"function":{"name":"us-central1-getAllPosts"},"extension":{},"message":"\u001b[90m> \u001b[39m             throw new Error(\"Function timed out.\");\r"}}
[info] >              ^ {"user":"            ^\r","metadata":{"emulator":{"name":"functions"},"function":{"name":"us-central1-getAllPosts"},"extension":{},"message":"\u001b[90m> \u001b[39m             ^\r"}}
[info] >   {"user":"\r","metadata":{"emulator":{"name":"functions"},"function":{"name":"us-central1-getAllPosts"},"extension":{},"message":"\u001b[90m> \u001b[39m \r"}}
[info] >  Error: Function timed out. {"user":"Error: Function timed out.\r","metadata":{"emulator":{"name":"functions"},"function":{"name":"us-central1-getAllPosts"},"extension":{},"message":"\u001b[90m> \u001b[39m Error: Function timed out.\r"}}
[info] >      at Timeout._onTimeout (C:\Users\SCOT\AppData\Roaming\npm\node_modules\firebase-tools\lib\emulator\functionsEmulatorRuntime.js:634:19) {"user":"    at Timeout._onTimeout (C:\\Users\\SCOT\\AppData\\Roaming\\npm\\node_modules\\firebase-tools\\lib\\emulator\\functionsEmulatorRuntime.js:634:19)\r","metadata":{"emulator":{"name":"functions"},"function":{"name":"us-central1-getAllPosts"},"extension":{},"message":"\u001b[90m> \u001b[39m     at Timeout._onTimeout (C:\\Users\\SCOT\\AppData\\Roaming\\npm\\node_modules\\firebase-tools\\lib\\emulator\\functionsEmulatorRuntime.js:634:19)\r"}}
[info] >      at listOnTimeout (node:internal/timers:559:17) {"user":"    at listOnTimeout (node:internal/timers:559:17)\r","metadata":{"emulator":{"name":"functions"},"function":{"name":"us-central1-getAllPosts"},"extension":{},"message":"\u001b[90m> \u001b[39m     at listOnTimeout (node:internal/timers:559:17)\r"}}
[info] >      at processTimers (node:internal/timers:502:7) {"user":"    at processTimers (node:internal/timers:502:7)\r","metadata":{"emulator":{"name":"functions"},"function":{"name":"us-central1-getAllPosts"},"extension":{},"message":"\u001b[90m> \u001b[39m     at processTimers (node:internal/timers:502:7)\r"}}
[debug] [2022-06-22T14:51:37.738Z] [worker-us-central1-getAllPosts-807f70bc-31a0-4c02-a0dc-5b63c3979327]: exited {"metadata":{"emulator":{"name":"functions"},"message":"[worker-us-central1-getAllPosts-807f70bc-31a0-4c02-a0dc-5b63c3979327]: exited"}}
[debug] [2022-06-22T14:51:37.738Z] [worker-us-central1-getAllPosts-807f70bc-31a0-4c02-a0dc-5b63c3979327]: FINISHED {"metadata":{"emulator":{"name":"functions"},"message":"[worker-us-central1-getAllPosts-807f70bc-31a0-4c02-a0dc-5b63c3979327]: FINISHED"}}
[debug] [2022-06-22T14:51:37.738Z] [work-queue] {"queueLength":0,"workRunningCount":0}
[debug] [2022-06-22T14:51:38.121Z] Functions emulator received unknown request at path /favicon.ico
